65 행: SSPanel5 컨트롤을 로드할 수 없습니다. 사용 권한을 찾을 수 없습니다.
254 행: SSPanel2 컨트롤을 로드할 수 없습니다. 사용 권한을 찾을 수 없습니다.
279 행: SSPanel4 컨트롤을 로드할 수 없습니다. 사용 권한을 찾을 수 없습니다.
487 행: NO_CHEAT 컨트롤을 로드할 수 없습니다. 사용 권한을 찾을 수 없습니다.
538 행: Cheat_Debug 컨트롤을 로드할 수 없습니다. 사용 권한을 찾을 수 없습니다.
564 행: SSPanel25 컨트롤을 로드할 수 없습니다. 사용 권한을 찾을 수 없습니다.
589 행: SSPanel6 컨트롤을 로드할 수 없습니다. 사용 권한을 찾을 수 없습니다.
615 행: SSPanel_WaferSize 컨트롤을 로드할 수 없습니다. 사용 권한을 찾을 수 없습니다.
639 행: SSPanel3 컨트롤을 로드할 수 없습니다. 사용 권한을 찾을 수 없습니다.
665 행: SSPanel_ChipYSize 컨트롤을 로드할 수 없습니다. 사용 권한을 찾을 수 없습니다.
689 행: SSPanel_ChipXSize 컨트롤을 로드할 수 없습니다. 사용 권한을 찾을 수 없습니다.
740 행: SSPanel15 컨트롤을 로드할 수 없습니다. 사용 권한을 찾을 수 없습니다.
820 행: SSPanel14 컨트롤을 로드할 수 없습니다. 사용 권한을 찾을 수 없습니다.
846 행: SSPanel_TotalCount 컨트롤을 로드할 수 없습니다. 사용 권한을 찾을 수 없습니다.
870 행: SSPanel_DateTime 컨트롤을 로드할 수 없습니다. 사용 권한을 찾을 수 없습니다.
894 행: SSPanel_Yield 컨트롤을 로드할 수 없습니다. 사용 권한을 찾을 수 없습니다.
918 행: SSPanel_SkipCount 컨트롤을 로드할 수 없습니다. 사용 권한을 찾을 수 없습니다.
942 행: SSPanel_BadCount 컨트롤을 로드할 수 없습니다. 사용 권한을 찾을 수 없습니다.
966 행: SSPanel_GoodCount 컨트롤을 로드할 수 없습니다. 사용 권한을 찾을 수 없습니다.
990 행: SSPanel10 컨트롤을 로드할 수 없습니다. 사용 권한을 찾을 수 없습니다.
1015 행: SSPanel11 컨트롤을 로드할 수 없습니다. 사용 권한을 찾을 수 없습니다.
1040 행: SSPanel8 컨트롤을 로드할 수 없습니다. 사용 권한을 찾을 수 없습니다.
1066 행: SSPanel9 컨트롤을 로드할 수 없습니다. 사용 권한을 찾을 수 없습니다.
1173 행: SSPanel12 컨트롤을 로드할 수 없습니다. 사용 권한을 찾을 수 없습니다.
1303 행: SSPanel13 컨트롤을 로드할 수 없습니다. 사용 권한을 찾을 수 없습니다.
4511 행: SSPanel7 컨트롤을 로드할 수 없습니다. 사용 권한을 찾을 수 없습니다.
4595 행: SSPanel1 컨트롤을 로드할 수 없습니다. 사용 권한을 찾을 수 없습니다.
